<?xml version="1.0" encoding="UTF-8"?>
<!-- Generated by org.testng.reporters.JUnitReportReporter -->
<testsuite hostname="Deepti" name="com.dexiter.test.smoke.TestLogin" tests="1" failures="0" timestamp="12 Feb 2018 10:22:30 GMT" time="30.512" errors="0">
  <testcase name="testLoginInvalidC77896" time="30.512" classname="com.dexiter.test.smoke.TestLogin"/>
</testsuite> <!-- com.dexiter.test.smoke.TestLogin -->
